2015-05-23 23:54:04.055  INFO 1876 --- [main] c.bharatonjava.pathomanager.Application  : Starting Application on Magnet-PC with PID 1876 (started by Magnet in C:\workspaces\youtube\pathomanager\target)
2015-05-23 23:54:04.235  INFO 1876 --- [main] ationConfigEmbeddedWebApplicationContext : Refreshing org.springframework.boot.context.embedded.AnnotationConfigEmbeddedWebApplicationContext@7e60c6: startup date [Sat May 23 23:54:04 IST 2015]; root of context hierarchy
2015-05-23 23:54:05.090  WARN 1876 --- [main] .i.s.PathMatchingResourcePatternResolver : Skipping [C:\workspaces\youtube\pathomanager\target\pathomanager-0.0.1-SNAPSHOT.war] because it does not denote a directory
2015-05-23 23:54:06.409  INFO 1876 --- [main] o.s.b.f.s.DefaultListableBeanFactory     : Overriding bean definition for bean 'beanNameViewResolver': replacing [Root bean: class [null]; scope=; abstract=false; lazyInit=false; autowireMode=3; dependencyCheck=0; autowireCandidate=true; primary=false; factoryBeanName=org.springframework.boot.autoconfigure.web.ErrorMvcAutoConfiguration$WhitelabelErrorViewConfiguration; factoryMethodName=beanNameViewResolver; initMethodName=null; destroyMethodName=(inferred); defined in class path resource [org/springframework/boot/autoconfigure/web/ErrorMvcAutoConfiguration$WhitelabelErrorViewConfiguration.class]] with [Root bean: class [null]; scope=; abstract=false; lazyInit=false; autowireMode=3; dependencyCheck=0; autowireCandidate=true; primary=false; factoryBeanName=org.springframework.boot.autoconfigure.web.WebMvcAutoConfiguration$WebMvcAutoConfigurationAdapter; factoryMethodName=beanNameViewResolver; initMethodName=null; destroyMethodName=(inferred); defined in class path resource [org/springframework/boot/autoconfigure/web/WebMvcAutoConfiguration$WebMvcAutoConfigurationAdapter.class]]
2015-05-23 23:54:09.734  INFO 1876 --- [main] s.b.c.e.t.TomcatEmbeddedServletContainer : Tomcat initialized with port(s): 8080 (http)
2015-05-23 23:54:10.419  INFO 1876 --- [main] o.apache.catalina.core.StandardService   : Starting service Tomcat
2015-05-23 23:54:10.425  INFO 1876 --- [main] org.apache.catalina.core.StandardEngine  : Starting Servlet Engine: Apache Tomcat/8.0.20
2015-05-23 23:54:14.491  INFO 1876 --- [localhost-startStop-1] o.a.c.c.C.[Tomcat].[localhost].[/]       : Initializing Spring embedded WebApplicationContext
2015-05-23 23:54:14.494  INFO 1876 --- [localhost-startStop-1] o.s.web.context.ContextLoader            : Root WebApplicationContext: initialization completed in 10282 ms
2015-05-23 23:54:15.608  INFO 1876 --- [localhost-startStop-1] o.s.b.c.e.ServletRegistrationBean        : Mapping servlet: 'dispatcherServlet' to [/]
2015-05-23 23:54:15.621  INFO 1876 --- [localhost-startStop-1] o.s.b.c.embedded.FilterRegistrationBean  : Mapping filter: 'metricFilter' to: [/*]
2015-05-23 23:54:15.624  INFO 1876 --- [localhost-startStop-1] o.s.b.c.embedded.FilterRegistrationBean  : Mapping filter: 'characterEncodingFilter' to: [/*]
2015-05-23 23:54:15.627  INFO 1876 --- [localhost-startStop-1] o.s.b.c.embedded.FilterRegistrationBean  : Mapping filter: 'webRequestLoggingFilter' to: [/*]
2015-05-23 23:54:15.629  INFO 1876 --- [localhost-startStop-1] o.s.b.c.embedded.FilterRegistrationBean  : Mapping filter: 'hiddenHttpMethodFilter' to: [/*]
2015-05-23 23:54:15.631  INFO 1876 --- [localhost-startStop-1] o.s.b.c.embedded.FilterRegistrationBean  : Mapping filter: 'applicationContextIdFilter' to: [/*]
2015-05-23 23:54:15.839  INFO 1876 --- [main] org.apache.tiles.access.TilesAccess      : Publishing TilesContext for context: org.springframework.web.servlet.view.tiles3.SpringWildcardServletTilesApplicationContext
2015-05-23 23:54:16.375  INFO 1876 --- [main] s.w.s.m.m.a.RequestMappingHandlerAdapter : Looking for @ControllerAdvice: org.springframework.boot.context.embedded.AnnotationConfigEmbeddedWebApplicationContext@7e60c6: startup date [Sat May 23 23:54:04 IST 2015]; root of context hierarchy
2015-05-23 23:54:16.710  INFO 1876 --- [main] s.w.s.m.m.a.RequestMappingHandlerMapping : Mapped "{[/greet/{name}],methods=[GET],params=[],headers=[],consumes=[],produces=[],custom=[]}" onto public org.springframework.web.servlet.ModelAndView com.bharatonjava.pathomanager.web.WelcomeController.greetTwoWays(java.lang.String,org.springframework.ui.Model)
2015-05-23 23:54:16.719  INFO 1876 --- [main] s.w.s.m.m.a.RequestMappingHandlerMapping : Mapped "{[/greet],methods=[GET],params=[],headers=[],consumes=[],produces=[],custom=[]}" onto public org.springframework.web.servlet.ModelAndView com.bharatonjava.pathomanager.web.WelcomeController.greet(java.lang.String,org.springframework.ui.Model)
2015-05-23 23:54:16.729  INFO 1876 --- [main] s.w.s.m.m.a.RequestMappingHandlerMapping : Mapped "{[/home],methods=[GET],params=[],headers=[],consumes=[],produces=[],custom=[]}" onto public java.lang.String com.bharatonjava.pathomanager.web.WelcomeController.home()
2015-05-23 23:54:16.741  INFO 1876 --- [main] s.w.s.m.m.a.RequestMappingHandlerMapping : Mapped "{[/error],methods=[],params=[],headers=[],consumes=[],produces=[],custom=[]}" onto public org.springframework.http.ResponseEntity<java.util.Map<java.lang.String, java.lang.Object>> org.springframework.boot.autoconfigure.web.BasicErrorController.error(javax.servlet.http.HttpServletRequest)
2015-05-23 23:54:16.751  INFO 1876 --- [main] s.w.s.m.m.a.RequestMappingHandlerMapping : Mapped "{[/error],methods=[],params=[],headers=[],consumes=[],produces=[text/html],custom=[]}" onto public org.springframework.web.servlet.ModelAndView org.springframework.boot.autoconfigure.web.BasicErrorController.errorHtml(javax.servlet.http.HttpServletRequest)
2015-05-23 23:54:16.772  INFO 1876 --- [main] o.s.w.s.c.a.WebMvcConfigurerAdapter      : Adding welcome page: jar:file:/C:/workspaces/youtube/pathomanager/target/pathomanager-0.0.1-SNAPSHOT.war!/index.html
2015-05-23 23:54:16.844  INFO 1876 --- [main] o.s.w.s.handler.SimpleUrlHandlerMapping  : Root mapping to handler of type [class org.springframework.web.servlet.mvc.ParameterizableViewController]
2015-05-23 23:54:16.908  INFO 1876 --- [main] o.s.w.s.handler.SimpleUrlHandlerMapping  : Mapped URL path [/webjars/**] onto handler of type [class org.springframework.web.servlet.resource.ResourceHttpRequestHandler]
2015-05-23 23:54:16.914  INFO 1876 --- [main] o.s.w.s.handler.SimpleUrlHandlerMapping  : Mapped URL path [/**] onto handler of type [class org.springframework.web.servlet.resource.ResourceHttpRequestHandler]
2015-05-23 23:54:17.155  INFO 1876 --- [main] o.s.w.s.handler.SimpleUrlHandlerMapping  : Mapped URL path [/**/favicon.ico] onto handler of type [class org.springframework.web.servlet.resource.ResourceHttpRequestHandler]
2015-05-23 23:54:18.412  INFO 1876 --- [main] o.s.b.a.e.mvc.EndpointHandlerMapping     : Mapped "{[/env/{name:.*}],methods=[GET],params=[],headers=[],consumes=[],produces=[],custom=[]}" onto public java.lang.Object org.springframework.boot.actuate.endpoint.mvc.EnvironmentMvcEndpoint.value(java.lang.String)
2015-05-23 23:54:18.417  INFO 1876 --- [main] o.s.b.a.e.mvc.EndpointHandlerMapping     : Mapped "{[/env],methods=[GET],params=[],headers=[],consumes=[],produces=[],custom=[]}" onto public java.lang.Object org.springframework.boot.actuate.endpoint.mvc.EndpointMvcAdapter.invoke()
2015-05-23 23:54:18.422  INFO 1876 --- [main] o.s.b.a.e.mvc.EndpointHandlerMapping     : Mapped "{[/info],methods=[GET],params=[],headers=[],consumes=[],produces=[],custom=[]}" onto public java.lang.Object org.springframework.boot.actuate.endpoint.mvc.EndpointMvcAdapter.invoke()
2015-05-23 23:54:18.426  INFO 1876 --- [main] o.s.b.a.e.mvc.EndpointHandlerMapping     : Mapped "{[/mappings],methods=[GET],params=[],headers=[],consumes=[],produces=[],custom=[]}" onto public java.lang.Object org.springframework.boot.actuate.endpoint.mvc.EndpointMvcAdapter.invoke()
2015-05-23 23:54:18.431  INFO 1876 --- [main] o.s.b.a.e.mvc.EndpointHandlerMapping     : Mapped "{[/shutdown],methods=[POST],params=[],headers=[],consumes=[],produces=[],custom=[]}" onto public java.lang.Object org.springframework.boot.actuate.endpoint.mvc.ShutdownMvcEndpoint.invoke()
2015-05-23 23:54:18.436  INFO 1876 --- [main] o.s.b.a.e.mvc.EndpointHandlerMapping     : Mapped "{[/trace],methods=[GET],params=[],headers=[],consumes=[],produces=[],custom=[]}" onto public java.lang.Object org.springframework.boot.actuate.endpoint.mvc.EndpointMvcAdapter.invoke()
2015-05-23 23:54:18.440  INFO 1876 --- [main] o.s.b.a.e.mvc.EndpointHandlerMapping     : Mapped "{[/dump],methods=[GET],params=[],headers=[],consumes=[],produces=[],custom=[]}" onto public java.lang.Object org.springframework.boot.actuate.endpoint.mvc.EndpointMvcAdapter.invoke()
2015-05-23 23:54:18.445  INFO 1876 --- [main] o.s.b.a.e.mvc.EndpointHandlerMapping     : Mapped "{[/configprops],methods=[GET],params=[],headers=[],consumes=[],produces=[],custom=[]}" onto public java.lang.Object org.springframework.boot.actuate.endpoint.mvc.EndpointMvcAdapter.invoke()
2015-05-23 23:54:18.449  INFO 1876 --- [main] o.s.b.a.e.mvc.EndpointHandlerMapping     : Mapped "{[/beans],methods=[GET],params=[],headers=[],consumes=[],produces=[],custom=[]}" onto public java.lang.Object org.springframework.boot.actuate.endpoint.mvc.EndpointMvcAdapter.invoke()
2015-05-23 23:54:18.454  INFO 1876 --- [main] o.s.b.a.e.mvc.EndpointHandlerMapping     : Mapped "{[/health],methods=[],params=[],headers=[],consumes=[],produces=[],custom=[]}" onto public java.lang.Object org.springframework.boot.actuate.endpoint.mvc.HealthMvcEndpoint.invoke(java.security.Principal)
2015-05-23 23:54:18.459  INFO 1876 --- [main] o.s.b.a.e.mvc.EndpointHandlerMapping     : Mapped "{[/metrics/{name:.*}],methods=[GET],params=[],headers=[],consumes=[],produces=[],custom=[]}" onto public java.lang.Object org.springframework.boot.actuate.endpoint.mvc.MetricsMvcEndpoint.value(java.lang.String)
2015-05-23 23:54:18.463  INFO 1876 --- [main] o.s.b.a.e.mvc.EndpointHandlerMapping     : Mapped "{[/metrics],methods=[GET],params=[],headers=[],consumes=[],produces=[],custom=[]}" onto public java.lang.Object org.springframework.boot.actuate.endpoint.mvc.EndpointMvcAdapter.invoke()
2015-05-23 23:54:18.468  INFO 1876 --- [main] o.s.b.a.e.mvc.EndpointHandlerMapping     : Mapped "{[/autoconfig],methods=[GET],params=[],headers=[],consumes=[],produces=[],custom=[]}" onto public java.lang.Object org.springframework.boot.actuate.endpoint.mvc.EndpointMvcAdapter.invoke()
2015-05-23 23:54:18.531  INFO 1876 --- [main] o.s.j.e.a.AnnotationMBeanExporter        : Registering beans for JMX exposure on startup
2015-05-23 23:54:18.548  INFO 1876 --- [main] o.s.c.support.DefaultLifecycleProcessor  : Starting beans in phase 0
2015-05-23 23:54:18.900  INFO 1876 --- [main] s.b.c.e.t.TomcatEmbeddedServletContainer : Tomcat started on port(s): 8080 (http)
2015-05-23 23:54:18.906  INFO 1876 --- [main] c.bharatonjava.pathomanager.Application  : Started Application in 15.511 seconds (JVM running for 16.979)
2015-05-23 23:54:28.412  INFO 1876 --- [http-nio-8080-exec-1] o.a.c.c.C.[Tomcat].[localhost].[/]       : Initializing Spring FrameworkServlet 'dispatcherServlet'
2015-05-23 23:54:28.413  INFO 1876 --- [http-nio-8080-exec-1] o.s.web.servlet.DispatcherServlet        : FrameworkServlet 'dispatcherServlet': initialization started
2015-05-23 23:54:28.480  INFO 1876 --- [http-nio-8080-exec-1] o.s.web.servlet.DispatcherServlet        : FrameworkServlet 'dispatcherServlet': initialization completed in 66 ms
2015-05-23 23:54:33.986  INFO 1876 --- [http-nio-8080-exec-2] c.b.pathomanager.web.WelcomeController   : Controller has been invoked with Request Parameter name = 'World!'.
2015-05-23 23:54:40.799  INFO 1876 --- [http-nio-8080-exec-4] c.b.pathomanager.web.WelcomeController   : Controller has been invoked with Request Parameter name = 'World!'.
2015-05-23 23:54:51.954  INFO 1876 --- [http-nio-8080-exec-6] c.b.pathomanager.web.WelcomeController   : Controller has been invoked with Path Variable name = 'bharat'.
2015-05-23 23:56:55.100  INFO 1876 --- [Thread-2] ationConfigEmbeddedWebApplicationContext : Closing org.springframework.boot.context.embedded.AnnotationConfigEmbeddedWebApplicationContext@7e60c6: startup date [Sat May 23 23:54:04 IST 2015]; root of context hierarchy
2015-05-23 23:56:55.117  INFO 1876 --- [Thread-2] o.s.c.support.DefaultLifecycleProcessor  : Stopping beans in phase 0
2015-05-23 23:56:55.131  INFO 1876 --- [Thread-2] o.s.j.e.a.AnnotationMBeanExporter        : Unregistering JMX-exposed beans on shutdown
2015-05-23 23:56:55.146  INFO 1876 --- [Thread-2] org.apache.tiles.access.TilesAccess      : Removing TilesContext for context: org.springframework.web.servlet.view.tiles3.SpringWildcardServletTilesApplicationContext
